<?xml version="1.0" encoding="UTF-8"?>
<testng-results ignored="0" total="1" passed="1" failed="0" skipped="0">
  <reporter-output>
  </reporter-output>
  <suite started-at="2021-11-05T23:38:56 CST" name="Default suite" finished-at="2021-11-05T23:39:22 CST" duration-ms="25376">
    <groups>
    </groups>
    <test started-at="2021-11-05T23:38:56 CST" name="Default test" finished-at="2021-11-05T23:39:22 CST" duration-ms="25376">
      <class name="saucedemoPage.AddItems">
        <test-method signature="testNGAsserts()[pri:0, instance:saucedemoPage.AddItems@78b66d36]" started-at="2021-11-05T23:38:56 CST" name="testNGAsserts" finished-at="2021-11-05T23:39:22 CST" duration-ms="25306" status="PASS">
          <reporter-output>
          </reporter-output>
        </test-method> <!-- testNGAsserts -->
      </class> <!-- saucedemoPage.AddItems -->
    </test> <!-- Default test -->
  </suite> <!-- Default suite -->
</testng-results>
