<?xml version="1.0" encoding="UTF-8"?>
<testng-results ignored="0" total="1" passed="1" failed="0" skipped="0">
  <reporter-output>
  </reporter-output>
  <suite started-at="2021-11-05T21:54:43 CST" name="Default suite" finished-at="2021-11-05T21:55:07 CST" duration-ms="23917">
    <groups>
    </groups>
    <test started-at="2021-11-05T21:54:43 CST" name="Default test" finished-at="2021-11-05T21:55:07 CST" duration-ms="23917">
      <class name="saucedemoPage.Login">
        <test-method signature="testNGAsserts()[pri:0, instance:saucedemoPage.Login@78b66d36]" started-at="2021-11-05T21:54:43 CST" name="testNGAsserts" finished-at="2021-11-05T21:55:07 CST" duration-ms="23838" status="PASS">
          <reporter-output>
          </reporter-output>
        </test-method> <!-- testNGAsserts -->
      </class> <!-- saucedemoPage.Login -->
    </test> <!-- Default test -->
  </suite> <!-- Default suite -->
</testng-results>
